Build started 12/7/2011 7:12:28 PM.
     1>Project "C:\Users\todisk\Desktop\Computer Graphics\Ray Tracing Project\Computer-Graphics-Ray-Tracing\Path Tracing\Path Tracing.vcxproj" on node 2 (build target(s)).
     1>InitializeBuildStatus:
         Creating "Debug\Path Tracing.unsuccessfulbuild" because "AlwaysCreate" was specified.
       ClCompile:
         c:\Program Files\Microsoft Visual Studio 10.0\VC\bin\CL.exe /c /ZI /nologo /W3 /WX- /Od /Oy- /D WIN32 /D _DEBUG /D _CONSOLE /D _UNICODE /D UNICODE /Gm /EHsc /RTC1 /MDd /GS /fp:precise /Zc:wchar_t /Zc:forScope /Fo"Debug\\" /Fd"Debug\vc100.pdb" /Gd /TP /analyze- /errorReport:prompt "..\Code Base\Collisions.cpp" "..\Code Base\Objects.cpp" "..\Code Base\PathTraceDemo.cpp" "..\Code Base\Rays.cpp" "..\Code Base\Vector3.cpp"
         Vector3.cpp
         Rays.cpp
         PathTraceDemo.cpp
         Objects.cpp
         Collisions.cpp
         Generating Code...
       ManifestResourceCompile:
         C:\Program Files\Microsoft SDKs\Windows\v7.0A\bin\rc.exe /nologo /fo"Debug\Path Tracing.exe.embed.manifest.res" "Debug\Path Tracing_manifest.rc" 
       Link:
         c:\Program Files\Microsoft Visual Studio 10.0\VC\bin\link.exe /ERRORREPORT:PROMPT /OUT:"C:\Users\todisk\Desktop\Computer Graphics\Ray Tracing Project\Computer-Graphics-Ray-Tracing\Ray Tracing\Debug\Path Tracing.exe" /INCREMENTAL /NOLOGO kernel32.lib user32.lib gdi32.lib winspool.lib comdlg32.lib advapi32.lib shell32.lib ole32.lib oleaut32.lib uuid.lib odbc32.lib odbccp32.lib /MANIFEST /ManifestFile:"Debug\Path Tracing.exe.intermediate.manifest" /MANIFESTUAC:"level='asInvoker' uiAccess='false'" /DEBUG /PDB:"C:\Users\todisk\Desktop\Computer Graphics\Ray Tracing Project\Computer-Graphics-Ray-Tracing\Ray Tracing\Debug\Path Tracing.pdb" /SUBSYSTEM:CONSOLE /TLBID:1 /DYNAMICBASE /NXCOMPAT /IMPLIB:"C:\Users\todisk\Desktop\Computer Graphics\Ray Tracing Project\Computer-Graphics-Ray-Tracing\Ray Tracing\Debug\Path Tracing.lib" /MACHINE:X86 "Debug\Path Tracing.exe.embed.manifest.res"
         Debug\Collisions.obj
         Debug\Objects.obj
         Debug\PathTraceDemo.obj
         Debug\Rays.obj
         Debug\Vector3.obj
       Manifest:
         C:\Program Files\Microsoft SDKs\Windows\v7.0A\bin\mt.exe /nologo /verbose /out:"Debug\Path Tracing.exe.embed.manifest" /manifest "Debug\Path Tracing.exe.intermediate.manifest"
         C:\Program Files\Microsoft SDKs\Windows\v7.0A\bin\rc.exe /nologo /fo"Debug\Path Tracing.exe.embed.manifest.res" "Debug\Path Tracing_manifest.rc" 
       LinkEmbedManifest:
         c:\Program Files\Microsoft Visual Studio 10.0\VC\bin\link.exe /ERRORREPORT:PROMPT /OUT:"C:\Users\todisk\Desktop\Computer Graphics\Ray Tracing Project\Computer-Graphics-Ray-Tracing\Ray Tracing\Debug\Path Tracing.exe" /INCREMENTAL /NOLOGO kernel32.lib user32.lib gdi32.lib winspool.lib comdlg32.lib advapi32.lib shell32.lib ole32.lib oleaut32.lib uuid.lib odbc32.lib odbccp32.lib /MANIFEST /ManifestFile:"Debug\Path Tracing.exe.intermediate.manifest" /MANIFESTUAC:"level='asInvoker' uiAccess='false'" /DEBUG /PDB:"C:\Users\todisk\Desktop\Computer Graphics\Ray Tracing Project\Computer-Graphics-Ray-Tracing\Ray Tracing\Debug\Path Tracing.pdb" /SUBSYSTEM:CONSOLE /TLBID:1 /DYNAMICBASE /NXCOMPAT /IMPLIB:"C:\Users\todisk\Desktop\Computer Graphics\Ray Tracing Project\Computer-Graphics-Ray-Tracing\Ray Tracing\Debug\Path Tracing.lib" /MACHINE:X86 "Debug\Path Tracing.exe.embed.manifest.res"
         Debug\Collisions.obj
         Debug\Objects.obj
         Debug\PathTraceDemo.obj
         Debug\Rays.obj
         Debug\Vector3.obj
         Path Tracing.vcxproj -> C:\Users\todisk\Desktop\Computer Graphics\Ray Tracing Project\Computer-Graphics-Ray-Tracing\Ray Tracing\Debug\Path Tracing.exe
       FinalizeBuildStatus:
         Deleting file "Debug\Path Tracing.unsuccessfulbuild".
         Touching "Debug\Path Tracing.lastbuildstate".
     1>Done Building Project "C:\Users\todisk\Desktop\Computer Graphics\Ray Tracing Project\Computer-Graphics-Ray-Tracing\Path Tracing\Path Tracing.vcxproj" (build target(s)).

Build succeeded.

Time Elapsed 00:00:03.85
