C:\USERS\TODISK\DESKTOP\COMPUTER GRAPHICS\RAY TRACING PROJECT\COMPUTER-GRAPHICS-RAY-TRACING\RAY TRACING\DEBUG\.NETFRAMEWORK,VERSION=V4.0.ASSEMBLYATTRIBUTES.OBJ
C:\Users\todisk\Desktop\Computer Graphics\Ray Tracing Project\Computer-Graphics-Ray-Tracing\Ray Tracing\Debug\cl.command.1.tlog
C:\Users\todisk\Desktop\Computer Graphics\Ray Tracing Project\Computer-Graphics-Ray-Tracing\Ray Tracing\Debug\CL.read.1.tlog
C:\Users\todisk\Desktop\Computer Graphics\Ray Tracing Project\Computer-Graphics-Ray-Tracing\Ray Tracing\Debug\CL.write.1.tlog
C:\Users\todisk\Desktop\Computer Graphics\Ray Tracing Project\Computer-Graphics-Ray-Tracing\Ray Tracing\Debug\link.10000.read.1.tlog
C:\Users\todisk\Desktop\Computer Graphics\Ray Tracing Project\Computer-Graphics-Ray-Tracing\Ray Tracing\Debug\link.10000.write.1.tlog
C:\Users\todisk\Desktop\Computer Graphics\Ray Tracing Project\Computer-Graphics-Ray-Tracing\Ray Tracing\Debug\link.10040.read.1.tlog
C:\Users\todisk\Desktop\Computer Graphics\Ray Tracing Project\Computer-Graphics-Ray-Tracing\Ray Tracing\Debug\link.10040.write.1.tlog
C:\Users\todisk\Desktop\Computer Graphics\Ray Tracing Project\Computer-Graphics-Ray-Tracing\Ray Tracing\Debug\link.1192.read.1.tlog
C:\Users\todisk\Desktop\Computer Graphics\Ray Tracing Project\Computer-Graphics-Ray-Tracing\Ray Tracing\Debug\link.1192.write.1.tlog
C:\Users\todisk\Desktop\Computer Graphics\Ray Tracing Project\Computer-Graphics-Ray-Tracing\Ray Tracing\Debug\link.1204.read.1.tlog
C:\Users\todisk\Desktop\Computer Graphics\Ray Tracing Project\Computer-Graphics-Ray-Tracing\Ray Tracing\Debug\link.1204.write.1.tlog
C:\Users\todisk\Desktop\Computer Graphics\Ray Tracing Project\Computer-Graphics-Ray-Tracing\Ray Tracing\Debug\link.1212.read.1.tlog
C:\Users\todisk\Desktop\Computer Graphics\Ray Tracing Project\Computer-Graphics-Ray-Tracing\Ray Tracing\Debug\link.1212.write.1.tlog
C:\Users\todisk\Desktop\Computer Graphics\Ray Tracing Project\Computer-Graphics-Ray-Tracing\Ray Tracing\Debug\link.1456.read.1.tlog
C:\Users\todisk\Desktop\Computer Graphics\Ray Tracing Project\Computer-Graphics-Ray-Tracing\Ray Tracing\Debug\link.1456.write.1.tlog
C:\Users\todisk\Desktop\Computer Graphics\Ray Tracing Project\Computer-Graphics-Ray-Tracing\Ray Tracing\Debug\link.1684.read.1.tlog
C:\Users\todisk\Desktop\Computer Graphics\Ray Tracing Project\Computer-Graphics-Ray-Tracing\Ray Tracing\Debug\link.1684.write.1.tlog
C:\Users\todisk\Desktop\Computer Graphics\Ray Tracing Project\Computer-Graphics-Ray-Tracing\Ray Tracing\Debug\link.2900.read.1.tlog
C:\Users\todisk\Desktop\Computer Graphics\Ray Tracing Project\Computer-Graphics-Ray-Tracing\Ray Tracing\Debug\link.2900.write.1.tlog
C:\Users\todisk\Desktop\Computer Graphics\Ray Tracing Project\Computer-Graphics-Ray-Tracing\Ray Tracing\Debug\link.2920.read.1.tlog
C:\Users\todisk\Desktop\Computer Graphics\Ray Tracing Project\Computer-Graphics-Ray-Tracing\Ray Tracing\Debug\link.2920.write.1.tlog
C:\Users\todisk\Desktop\Computer Graphics\Ray Tracing Project\Computer-Graphics-Ray-Tracing\Ray Tracing\Debug\link.3000.read.1.tlog
C:\Users\todisk\Desktop\Computer Graphics\Ray Tracing Project\Computer-Graphics-Ray-Tracing\Ray Tracing\Debug\link.3000.write.1.tlog
C:\Users\todisk\Desktop\Computer Graphics\Ray Tracing Project\Computer-Graphics-Ray-Tracing\Ray Tracing\Debug\link.4048.read.1.tlog
C:\Users\todisk\Desktop\Computer Graphics\Ray Tracing Project\Computer-Graphics-Ray-Tracing\Ray Tracing\Debug\link.4048.write.1.tlog
C:\Users\todisk\Desktop\Computer Graphics\Ray Tracing Project\Computer-Graphics-Ray-Tracing\Ray Tracing\Debug\link.4120.read.1.tlog
C:\Users\todisk\Desktop\Computer Graphics\Ray Tracing Project\Computer-Graphics-Ray-Tracing\Ray Tracing\Debug\link.4120.write.1.tlog
C:\Users\todisk\Desktop\Computer Graphics\Ray Tracing Project\Computer-Graphics-Ray-Tracing\Ray Tracing\Debug\link.4364.read.1.tlog
C:\Users\todisk\Desktop\Computer Graphics\Ray Tracing Project\Computer-Graphics-Ray-Tracing\Ray Tracing\Debug\link.4364.write.1.tlog
C:\Users\todisk\Desktop\Computer Graphics\Ray Tracing Project\Computer-Graphics-Ray-Tracing\Ray Tracing\Debug\link.4500.read.1.tlog
C:\Users\todisk\Desktop\Computer Graphics\Ray Tracing Project\Computer-Graphics-Ray-Tracing\Ray Tracing\Debug\link.4500.write.1.tlog
C:\Users\todisk\Desktop\Computer Graphics\Ray Tracing Project\Computer-Graphics-Ray-Tracing\Ray Tracing\Debug\link.4940.read.1.tlog
C:\Users\todisk\Desktop\Computer Graphics\Ray Tracing Project\Computer-Graphics-Ray-Tracing\Ray Tracing\Debug\link.4940.write.1.tlog
C:\Users\todisk\Desktop\Computer Graphics\Ray Tracing Project\Computer-Graphics-Ray-Tracing\Ray Tracing\Debug\link.5096.read.1.tlog
C:\Users\todisk\Desktop\Computer Graphics\Ray Tracing Project\Computer-Graphics-Ray-Tracing\Ray Tracing\Debug\link.5096.write.1.tlog
C:\Users\todisk\Desktop\Computer Graphics\Ray Tracing Project\Computer-Graphics-Ray-Tracing\Ray Tracing\Debug\link.5200.read.1.tlog
C:\Users\todisk\Desktop\Computer Graphics\Ray Tracing Project\Computer-Graphics-Ray-Tracing\Ray Tracing\Debug\link.5200.write.1.tlog
C:\Users\todisk\Desktop\Computer Graphics\Ray Tracing Project\Computer-Graphics-Ray-Tracing\Ray Tracing\Debug\link.5400.read.1.tlog
C:\Users\todisk\Desktop\Computer Graphics\Ray Tracing Project\Computer-Graphics-Ray-Tracing\Ray Tracing\Debug\link.5400.write.1.tlog
C:\Users\todisk\Desktop\Computer Graphics\Ray Tracing Project\Computer-Graphics-Ray-Tracing\Ray Tracing\Debug\link.5592.read.1.tlog
C:\Users\todisk\Desktop\Computer Graphics\Ray Tracing Project\Computer-Graphics-Ray-Tracing\Ray Tracing\Debug\link.5592.write.1.tlog
C:\Users\todisk\Desktop\Computer Graphics\Ray Tracing Project\Computer-Graphics-Ray-Tracing\Ray Tracing\Debug\link.6092.read.1.tlog
C:\Users\todisk\Desktop\Computer Graphics\Ray Tracing Project\Computer-Graphics-Ray-Tracing\Ray Tracing\Debug\link.6092.write.1.tlog
C:\Users\todisk\Desktop\Computer Graphics\Ray Tracing Project\Computer-Graphics-Ray-Tracing\Ray Tracing\Debug\link.6316.read.1.tlog
C:\Users\todisk\Desktop\Computer Graphics\Ray Tracing Project\Computer-Graphics-Ray-Tracing\Ray Tracing\Debug\link.6316.write.1.tlog
C:\Users\todisk\Desktop\Computer Graphics\Ray Tracing Project\Computer-Graphics-Ray-Tracing\Ray Tracing\Debug\link.7244.read.1.tlog
C:\Users\todisk\Desktop\Computer Graphics\Ray Tracing Project\Computer-Graphics-Ray-Tracing\Ray Tracing\Debug\link.7244.write.1.tlog
C:\Users\todisk\Desktop\Computer Graphics\Ray Tracing Project\Computer-Graphics-Ray-Tracing\Ray Tracing\Debug\link.7448.read.1.tlog
C:\Users\todisk\Desktop\Computer Graphics\Ray Tracing Project\Computer-Graphics-Ray-Tracing\Ray Tracing\Debug\link.7448.write.1.tlog
C:\Users\todisk\Desktop\Computer Graphics\Ray Tracing Project\Computer-Graphics-Ray-Tracing\Ray Tracing\Debug\link.7796.read.1.tlog
C:\Users\todisk\Desktop\Computer Graphics\Ray Tracing Project\Computer-Graphics-Ray-Tracing\Ray Tracing\Debug\link.7796.write.1.tlog
C:\Users\todisk\Desktop\Computer Graphics\Ray Tracing Project\Computer-Graphics-Ray-Tracing\Ray Tracing\Debug\link.7868.read.1.tlog
C:\Users\todisk\Desktop\Computer Graphics\Ray Tracing Project\Computer-Graphics-Ray-Tracing\Ray Tracing\Debug\link.7868.write.1.tlog
C:\Users\todisk\Desktop\Computer Graphics\Ray Tracing Project\Computer-Graphics-Ray-Tracing\Ray Tracing\Debug\link.7916.read.1.tlog
C:\Users\todisk\Desktop\Computer Graphics\Ray Tracing Project\Computer-Graphics-Ray-Tracing\Ray Tracing\Debug\link.7916.write.1.tlog
C:\Users\todisk\Desktop\Computer Graphics\Ray Tracing Project\Computer-Graphics-Ray-Tracing\Ray Tracing\Debug\link.8100.read.1.tlog
C:\Users\todisk\Desktop\Computer Graphics\Ray Tracing Project\Computer-Graphics-Ray-Tracing\Ray Tracing\Debug\link.8100.write.1.tlog
C:\Users\todisk\Desktop\Computer Graphics\Ray Tracing Project\Computer-Graphics-Ray-Tracing\Ray Tracing\Debug\link.8588.read.1.tlog
C:\Users\todisk\Desktop\Computer Graphics\Ray Tracing Project\Computer-Graphics-Ray-Tracing\Ray Tracing\Debug\link.8588.write.1.tlog
C:\Users\todisk\Desktop\Computer Graphics\Ray Tracing Project\Computer-Graphics-Ray-Tracing\Ray Tracing\Debug\link.9400.read.1.tlog
C:\Users\todisk\Desktop\Computer Graphics\Ray Tracing Project\Computer-Graphics-Ray-Tracing\Ray Tracing\Debug\link.9400.write.1.tlog
C:\Users\todisk\Desktop\Computer Graphics\Ray Tracing Project\Computer-Graphics-Ray-Tracing\Ray Tracing\Debug\link.9424.read.1.tlog
C:\Users\todisk\Desktop\Computer Graphics\Ray Tracing Project\Computer-Graphics-Ray-Tracing\Ray Tracing\Debug\link.9424.write.1.tlog
C:\Users\todisk\Desktop\Computer Graphics\Ray Tracing Project\Computer-Graphics-Ray-Tracing\Ray Tracing\Debug\link.9588.read.1.tlog
C:\Users\todisk\Desktop\Computer Graphics\Ray Tracing Project\Computer-Graphics-Ray-Tracing\Ray Tracing\Debug\link.9588.write.1.tlog
C:\Users\todisk\Desktop\Computer Graphics\Ray Tracing Project\Computer-Graphics-Ray-Tracing\Ray Tracing\Debug\link.9880.read.1.tlog
C:\Users\todisk\Desktop\Computer Graphics\Ray Tracing Project\Computer-Graphics-Ray-Tracing\Ray Tracing\Debug\link.9880.write.1.tlog
C:\Users\todisk\Desktop\Computer Graphics\Ray Tracing Project\Computer-Graphics-Ray-Tracing\Ray Tracing\Debug\link.command.1.tlog
C:\Users\todisk\Desktop\Computer Graphics\Ray Tracing Project\Computer-Graphics-Ray-Tracing\Ray Tracing\Debug\link.read.1.tlog
C:\Users\todisk\Desktop\Computer Graphics\Ray Tracing Project\Computer-Graphics-Ray-Tracing\Ray Tracing\Debug\link.write.1.tlog
C:\Users\todisk\Desktop\Computer Graphics\Ray Tracing Project\Computer-Graphics-Ray-Tracing\Ray Tracing\Debug\mt.command.1.tlog
C:\Users\todisk\Desktop\Computer Graphics\Ray Tracing Project\Computer-Graphics-Ray-Tracing\Ray Tracing\Debug\mt.read.1.tlog
C:\Users\todisk\Desktop\Computer Graphics\Ray Tracing Project\Computer-Graphics-Ray-Tracing\Ray Tracing\Debug\mt.write.1.tlog
C:\USERS\TODISK\DESKTOP\COMPUTER GRAPHICS\RAY TRACING PROJECT\COMPUTER-GRAPHICS-RAY-TRACING\RAY TRACING\DEBUG\OBJECTS.OBJ
C:\USERS\TODISK\DESKTOP\COMPUTER GRAPHICS\RAY TRACING PROJECT\COMPUTER-GRAPHICS-RAY-TRACING\RAY TRACING\DEBUG\RAY TRACING.EXE
C:\USERS\TODISK\DESKTOP\COMPUTER GRAPHICS\RAY TRACING PROJECT\COMPUTER-GRAPHICS-RAY-TRACING\RAY TRACING\DEBUG\RAY TRACING.EXE.INTERMEDIATE.MANIFEST
C:\USERS\TODISK\DESKTOP\COMPUTER GRAPHICS\RAY TRACING PROJECT\COMPUTER-GRAPHICS-RAY-TRACING\RAY TRACING\DEBUG\RAY TRACING.ILK
C:\USERS\TODISK\DESKTOP\COMPUTER GRAPHICS\RAY TRACING PROJECT\COMPUTER-GRAPHICS-RAY-TRACING\RAY TRACING\DEBUG\RAY TRACING.PDB
C:\Users\todisk\Desktop\Computer Graphics\Ray Tracing Project\Computer-Graphics-Ray-Tracing\Ray Tracing\Debug\Ray Tracing.write.1.tlog
C:\USERS\TODISK\DESKTOP\COMPUTER GRAPHICS\RAY TRACING PROJECT\COMPUTER-GRAPHICS-RAY-TRACING\RAY TRACING\DEBUG\RAYS.OBJ
C:\USERS\TODISK\DESKTOP\COMPUTER GRAPHICS\RAY TRACING PROJECT\COMPUTER-GRAPHICS-RAY-TRACING\RAY TRACING\DEBUG\RAYTRACEDEMO.OBJ
C:\Users\todisk\Desktop\Computer Graphics\Ray Tracing Project\Computer-Graphics-Ray-Tracing\Ray Tracing\Debug\Unit Tests.ilk
C:\Users\todisk\Desktop\Computer Graphics\Ray Tracing Project\Computer-Graphics-Ray-Tracing\Ray Tracing\Debug\Unit Tests.pdb
C:\USERS\TODISK\DESKTOP\COMPUTER GRAPHICS\RAY TRACING PROJECT\COMPUTER-GRAPHICS-RAY-TRACING\RAY TRACING\DEBUG\VC100.PDB
C:\USERS\TODISK\DESKTOP\COMPUTER GRAPHICS\RAY TRACING PROJECT\COMPUTER-GRAPHICS-RAY-TRACING\RAY TRACING\DEBUG\VECTOR3.OBJ
